ERROR - 2025-08-28 08:51:41 --> mysqli_sql_exception: Duplicate entry 'nimishajamesvichattu@gmail.com' for key 'email' in C:\xampp\htdocs\homecare\system\Database\MySQLi\Connection.php:327
Stack trace:
#0 C:\xampp\htdocs\homecare\system\Database\MySQLi\Connection.php(327): mysqli->query('INSERT INTO `st...', 0)
#1 C:\xampp\htdocs\homecare\system\Database\BaseConnection.php(738): CodeIgniter\Database\MySQLi\Connection->execute('INSERT INTO `st...')
#2 C:\xampp\htdocs\homecare\system\Database\BaseConnection.php(652): CodeIgniter\Database\BaseConnection->simpleQuery('INSERT INTO `st...')
#3 C:\xampp\htdocs\homecare\system\Database\BaseBuilder.php(2345): CodeIgniter\Database\BaseConnection->query('INSERT INTO `st...', Array, false)
#4 C:\xampp\htdocs\homecare\system\Model.php(394): CodeIgniter\Database\BaseBuilder->insert()
#5 C:\xampp\htdocs\homecare\system\BaseModel.php(839): CodeIgniter\Model->doInsert(Array)
#6 C:\xampp\htdocs\homecare\system\Model.php(800): CodeIgniter\BaseModel->insert(Array, true)
#7 C:\xampp\htdocs\homecare\app\Controllers\HomeCareController.php(309): CodeIgniter\Model->insert(Array)
#8 C:\xampp\htdocs\homecare\system\CodeIgniter.php(933): App\Controllers\HomeCareController->storeStaff()
#9 C:\xampp\htdocs\homecare\system\CodeIgniter.php(507): CodeIgniter\CodeIgniter->runController(Object(App\Controllers\HomeCareController))
#10 C:\xampp\htdocs\homecare\system\CodeIgniter.php(354): CodeIgniter\CodeIgniter->handleRequest(NULL, Object(Config\Cache), false)
#11 C:\xampp\htdocs\homecare\system\Boot.php(334): CodeIgniter\CodeIgniter->run()
#12 C:\xampp\htdocs\homecare\system\Boot.php(67): CodeIgniter\Boot::runCodeIgniter(Object(CodeIgniter\CodeIgniter))
#13 C:\xampp\htdocs\homecare\index.php(56): CodeIgniter\Boot::bootWeb(Object(Config\Paths))
#14 {main}
CRITICAL - 2025-08-28 08:51:41 --> CodeIgniter\Database\Exceptions\DatabaseException: Duplicate entry 'nimishajamesvichattu@gmail.com' for key 'email'
[Method: POST, Route: staffs/store]
in SYSTEMPATH\Database\BaseConnection.php on line 692.
 1 SYSTEMPATH\Database\BaseBuilder.php(2345): CodeIgniter\Database\BaseConnection->query('INSERT INTO `staff` (`full_name`, `current_address`, `permanent_address`, `phone_number`, `email`, `salary`, `passport_file`, `dbs_file`, `brp_file`, `application_form_file`, `checklist_file`, `training_certificate_file`, `reference_1_file`, `reference_2_file`, `passport_photo_file`, `bank_statement_file`, `created_at`, `updated_at`) VALUES (:full_name:, :current_address:, :permanent_address:, :phone_number:, :email:, :salary:, :passport_file:, :dbs_file:, :brp_file:, :application_form_file:, :checklist_file:, :training_certificate_file:, :reference_1_file:, :reference_2_file:, :passport_photo_file:, :bank_statement_file:, :created_at:, :updated_at:)', [...], false)
 2 SYSTEMPATH\Model.php(394): CodeIgniter\Database\BaseBuilder->insert()
 3 SYSTEMPATH\BaseModel.php(839): CodeIgniter\Model->doInsert([...])
 4 SYSTEMPATH\Model.php(800): CodeIgniter\BaseModel->insert([...], true)
 5 APPPATH\Controllers\HomeCareController.php(309): CodeIgniter\Model->insert([...])
 6 SYSTEMPATH\CodeIgniter.php(933): App\Controllers\HomeCareController->storeStaff()
 7 SYSTEMPATH\CodeIgniter.php(507): CodeIgniter\CodeIgniter->runController(Object(App\Controllers\HomeCareController))
 8 SYSTEMPATH\CodeIgniter.php(354): CodeIgniter\CodeIgniter->handleRequest(null, Object(Config\Cache), false)
 9 SYSTEMPATH\Boot.php(334): CodeIgniter\CodeIgniter->run()
10 SYSTEMPATH\Boot.php(67): CodeIgniter\Boot::runCodeIgniter(Object(CodeIgniter\CodeIgniter))
11 FCPATH\index.php(56): CodeIgniter\Boot::bootWeb(Object(Config\Paths))
CRITICAL - 2025-08-28 08:51:41 --> [Caused by] CodeIgniter\Database\Exceptions\DatabaseException: Duplicate entry 'nimishajamesvichattu@gmail.com' for key 'email'
in SYSTEMPATH\Database\MySQLi\Connection.php on line 332.
 1 SYSTEMPATH\Database\BaseConnection.php(738): CodeIgniter\Database\MySQLi\Connection->execute('INSERT INTO `staff` (`full_name`, `current_address`, `permanent_address`, `phone_number`, `email`, `salary`, `passport_file`, `dbs_file`, `brp_file`, `application_form_file`, `checklist_file`, `training_certificate_file`, `reference_1_file`, `reference_2_file`, `passport_photo_file`, `bank_statement_file`, `created_at`, `updated_at`) VALUES (\'eee\', \'Vichattu (H) ., Mylacompu (P.O)\', \'sw\', \'06282719879\', \'nimishajamesvichattu@gmail.com\', \'34\', NULL, NULL, NULL, NULL, NULL, NULL, NULL, NULL, NULL, \'1756371101_7dd52eb90f52ea47c9c1.pdf\', \'2025-08-28 08:51:41\', \'2025-08-28 08:51:41\')')
 2 SYSTEMPATH\Database\BaseConnection.php(652): CodeIgniter\Database\BaseConnection->simpleQuery('INSERT INTO `staff` (`full_name`, `current_address`, `permanent_address`, `phone_number`, `email`, `salary`, `passport_file`, `dbs_file`, `brp_file`, `application_form_file`, `checklist_file`, `training_certificate_file`, `reference_1_file`, `reference_2_file`, `passport_photo_file`, `bank_statement_file`, `created_at`, `updated_at`) VALUES (\'eee\', \'Vichattu (H) ., Mylacompu (P.O)\', \'sw\', \'06282719879\', \'nimishajamesvichattu@gmail.com\', \'34\', NULL, NULL, NULL, NULL, NULL, NULL, NULL, NULL, NULL, \'1756371101_7dd52eb90f52ea47c9c1.pdf\', \'2025-08-28 08:51:41\', \'2025-08-28 08:51:41\')')
 3 SYSTEMPATH\Database\BaseBuilder.php(2345): CodeIgniter\Database\BaseConnection->query('INSERT INTO `staff` (`full_name`, `current_address`, `permanent_address`, `phone_number`, `email`, `salary`, `passport_file`, `dbs_file`, `brp_file`, `application_form_file`, `checklist_file`, `training_certificate_file`, `reference_1_file`, `reference_2_file`, `passport_photo_file`, `bank_statement_file`, `created_at`, `updated_at`) VALUES (:full_name:, :current_address:, :permanent_address:, :phone_number:, :email:, :salary:, :passport_file:, :dbs_file:, :brp_file:, :application_form_file:, :checklist_file:, :training_certificate_file:, :reference_1_file:, :reference_2_file:, :passport_photo_file:, :bank_statement_file:, :created_at:, :updated_at:)', [...], false)
 4 SYSTEMPATH\Model.php(394): CodeIgniter\Database\BaseBuilder->insert()
 5 SYSTEMPATH\BaseModel.php(839): CodeIgniter\Model->doInsert([...])
 6 SYSTEMPATH\Model.php(800): CodeIgniter\BaseModel->insert([...], true)
 7 APPPATH\Controllers\HomeCareController.php(309): CodeIgniter\Model->insert([...])
 8 SYSTEMPATH\CodeIgniter.php(933): App\Controllers\HomeCareController->storeStaff()
 9 SYSTEMPATH\CodeIgniter.php(507): CodeIgniter\CodeIgniter->runController(Object(App\Controllers\HomeCareController))
10 SYSTEMPATH\CodeIgniter.php(354): CodeIgniter\CodeIgniter->handleRequest(null, Object(Config\Cache), false)
11 SYSTEMPATH\Boot.php(334): CodeIgniter\CodeIgniter->run()
12 SYSTEMPATH\Boot.php(67): CodeIgniter\Boot::runCodeIgniter(Object(CodeIgniter\CodeIgniter))
13 FCPATH\index.php(56): CodeIgniter\Boot::bootWeb(Object(Config\Paths))
CRITICAL - 2025-08-28 08:51:41 --> [Caused by] mysqli_sql_exception: Duplicate entry 'nimishajamesvichattu@gmail.com' for key 'email'
in SYSTEMPATH\Database\MySQLi\Connection.php on line 327.
 1 SYSTEMPATH\Database\MySQLi\Connection.php(327): mysqli->query('INSERT INTO `staff` (`full_name`, `current_address`, `permanent_address`, `phone_number`, `email`, `salary`, `passport_file`, `dbs_file`, `brp_file`, `application_form_file`, `checklist_file`, `training_certificate_file`, `reference_1_file`, `reference_2_file`, `passport_photo_file`, `bank_statement_file`, `created_at`, `updated_at`) VALUES (\'eee\', \'Vichattu (H) ., Mylacompu (P.O)\', \'sw\', \'06282719879\', \'nimishajamesvichattu@gmail.com\', \'34\', NULL, NULL, NULL, NULL, NULL, NULL, NULL, NULL, NULL, \'1756371101_7dd52eb90f52ea47c9c1.pdf\', \'2025-08-28 08:51:41\', \'2025-08-28 08:51:41\')', 0)
 2 SYSTEMPATH\Database\BaseConnection.php(738): CodeIgniter\Database\MySQLi\Connection->execute('INSERT INTO `staff` (`full_name`, `current_address`, `permanent_address`, `phone_number`, `email`, `salary`, `passport_file`, `dbs_file`, `brp_file`, `application_form_file`, `checklist_file`, `training_certificate_file`, `reference_1_file`, `reference_2_file`, `passport_photo_file`, `bank_statement_file`, `created_at`, `updated_at`) VALUES (\'eee\', \'Vichattu (H) ., Mylacompu (P.O)\', \'sw\', \'06282719879\', \'nimishajamesvichattu@gmail.com\', \'34\', NULL, NULL, NULL, NULL, NULL, NULL, NULL, NULL, NULL, \'1756371101_7dd52eb90f52ea47c9c1.pdf\', \'2025-08-28 08:51:41\', \'2025-08-28 08:51:41\')')
 3 SYSTEMPATH\Database\BaseConnection.php(652): CodeIgniter\Database\BaseConnection->simpleQuery('INSERT INTO `staff` (`full_name`, `current_address`, `permanent_address`, `phone_number`, `email`, `salary`, `passport_file`, `dbs_file`, `brp_file`, `application_form_file`, `checklist_file`, `training_certificate_file`, `reference_1_file`, `reference_2_file`, `passport_photo_file`, `bank_statement_file`, `created_at`, `updated_at`) VALUES (\'eee\', \'Vichattu (H) ., Mylacompu (P.O)\', \'sw\', \'06282719879\', \'nimishajamesvichattu@gmail.com\', \'34\', NULL, NULL, NULL, NULL, NULL, NULL, NULL, NULL, NULL, \'1756371101_7dd52eb90f52ea47c9c1.pdf\', \'2025-08-28 08:51:41\', \'2025-08-28 08:51:41\')')
 4 SYSTEMPATH\Database\BaseBuilder.php(2345): CodeIgniter\Database\BaseConnection->query('INSERT INTO `staff` (`full_name`, `current_address`, `permanent_address`, `phone_number`, `email`, `salary`, `passport_file`, `dbs_file`, `brp_file`, `application_form_file`, `checklist_file`, `training_certificate_file`, `reference_1_file`, `reference_2_file`, `passport_photo_file`, `bank_statement_file`, `created_at`, `updated_at`) VALUES (:full_name:, :current_address:, :permanent_address:, :phone_number:, :email:, :salary:, :passport_file:, :dbs_file:, :brp_file:, :application_form_file:, :checklist_file:, :training_certificate_file:, :reference_1_file:, :reference_2_file:, :passport_photo_file:, :bank_statement_file:, :created_at:, :updated_at:)', [...], false)
 5 SYSTEMPATH\Model.php(394): CodeIgniter\Database\BaseBuilder->insert()
 6 SYSTEMPATH\BaseModel.php(839): CodeIgniter\Model->doInsert([...])
 7 SYSTEMPATH\Model.php(800): CodeIgniter\BaseModel->insert([...], true)
 8 APPPATH\Controllers\HomeCareController.php(309): CodeIgniter\Model->insert([...])
 9 SYSTEMPATH\CodeIgniter.php(933): App\Controllers\HomeCareController->storeStaff()
10 SYSTEMPATH\CodeIgniter.php(507): CodeIgniter\CodeIgniter->runController(Object(App\Controllers\HomeCareController))
11 SYSTEMPATH\CodeIgniter.php(354): CodeIgniter\CodeIgniter->handleRequest(null, Object(Config\Cache), false)
12 SYSTEMPATH\Boot.php(334): CodeIgniter\CodeIgniter->run()
13 SYSTEMPATH\Boot.php(67): CodeIgniter\Boot::runCodeIgniter(Object(CodeIgniter\CodeIgniter))
14 FCPATH\index.php(56): CodeIgniter\Boot::bootWeb(Object(Config\Paths))
